<?xml version="1.0" encoding="UTF-8"?>
<!-- Generated by org.testng.reporters.JUnitXMLReporter -->
<testsuite hostname="Aone" ignored="1" name="Default test" tests="1" failures="0" timestamp="2023-07-31T14:45:28 IST" time="5.931" errors="0">
  <testcase name="testScroll" time="5.902" classname="com.javaScript.JavaScriptExecutorEx"/>
  <testcase name="test01" time="0.0" classname="com.javaScript.JavaScriptExecutorEx">
    <ignored/>
  </testcase> <!-- test01 -->
</testsuite> <!-- Default test -->
