<?xml version="1.0" encoding="UTF-8"?>
<!-- Generated by org.testng.reporters.JUnitXMLReporter -->
<testsuite ignored="0" hostname="LAPTOP-Q4EQMJ7N" failures="1" tests="4" name="Test" time="0.073" errors="0" timestamp="2022-11-10T10:27:40 IST">
  <testcase classname="com.jbk.testListener.TestDemo" name="test" time="0.012">
    <skipped/>
  </testcase> <!-- test -->
  <testcase classname="com.jbk.testListener.TestDemo" name="test" time="0.001">
    <skipped/>
  </testcase> <!-- test -->
  <testcase classname="com.jbk.testListener.TestDemo" name="test" time="0.001">
    <skipped/>
  </testcase> <!-- test -->
  <testcase classname="com.jbk.testListener.TestDemo" name="test" time="0.002">
    <failure type="java.lang.AssertionError" message="expected [false] but found [true]">
      <![CDATA[java.lang.AssertionError: expected [false] but found [true]
at com.jbk.testListener.TestDemo.test(TestDemo.java:11)
at java.base/java.util.ArrayList.forEach(ArrayList.java:1511)
... Removed 31 stack frames]]>
    </failure>
  </testcase> <!-- test -->
</testsuite> <!-- Test -->
