<?xml version="1.0" encoding="UTF-8"?>
<testng-results skipped="0" failed="0" ignored="1" total="2" passed="1">
  <reporter-output>
  </reporter-output>
  <suite name="Default suite" duration-ms="5931" started-at="2023-07-31T14:45:22 IST" finished-at="2023-07-31T14:45:28 IST">
    <groups>
    </groups>
    <test name="Default test" duration-ms="5931" started-at="2023-07-31T14:45:22 IST" finished-at="2023-07-31T14:45:28 IST">
      <class name="com.javaScript.JavaScriptExecutorEx">
        <test-method status="PASS" signature="testScroll()[pri:0, instance:com.javaScript.JavaScriptExecutorEx@2bbf4b8b]" name="testScroll" duration-ms="5902" started-at="2023-07-31T14:45:22 IST" finished-at="2023-07-31T14:45:28 IST">
          <reporter-output>
          </reporter-output>
        </test-method> <!-- testScroll -->
      </class> <!-- com.javaScript.JavaScriptExecutorEx -->
    </test> <!-- Default test -->
  </suite> <!-- Default suite -->
</testng-results>
